Determining if the function sgemm_ exists failed with the following output:
Change Dir: /home/rm/rm_vision_2025/Build/CMakeFiles/CMakeTmp

Run Build Command(s):/usr/bin/gmake -f Makefile cmTC_7e1fb/fast && /usr/bin/gmake  -f CMakeFiles/cmTC_7e1fb.dir/build.make CMakeFiles/cmTC_7e1fb.dir/build
gmake[1]: Entering directory '/home/rm/rm_vision_2025/Build/CMakeFiles/CMakeTmp'
Building C object CMakeFiles/cmTC_7e1fb.dir/CheckFunctionExists.c.o
/usr/bin/cc   -DCHECK_FUNCTION_EXISTS=sgemm_ -o CMakeFiles/cmTC_7e1fb.dir/CheckFunctionExists.c.o -c /usr/share/cmake-3.22/Modules/CheckFunctionExists.c
Linking C executable cmTC_7e1fb
/usr/bin/cmake -E cmake_link_script CMakeFiles/cmTC_7e1fb.dir/link.txt --verbose=1
/usr/bin/cc  -DCHECK_FUNCTION_EXISTS=sgemm_ CMakeFiles/cmTC_7e1fb.dir/CheckFunctionExists.c.o -o cmTC_7e1fb 
/usr/bin/ld: CMakeFiles/cmTC_7e1fb.dir/CheckFunctionExists.c.o: in function `main':
CheckFunctionExists.c:(.text+0x14): undefined reference to `sgemm_'
collect2: error: ld returned 1 exit status
gmake[1]: *** [CMakeFiles/cmTC_7e1fb.dir/build.make:99: cmTC_7e1fb] Error 1
gmake[1]: Leaving directory '/home/rm/rm_vision_2025/Build/CMakeFiles/CMakeTmp'
gmake: *** [Makefile:127: cmTC_7e1fb/fast] Error 2



Determining if the function cheev_ exists failed with the following output:
Change Dir: /home/rm/rm_vision_2025/Build/CMakeFiles/CMakeTmp

Run Build Command(s):/usr/bin/gmake -f Makefile cmTC_24993/fast && /usr/bin/gmake  -f CMakeFiles/cmTC_24993.dir/build.make CMakeFiles/cmTC_24993.dir/build
gmake[1]: Entering directory '/home/rm/rm_vision_2025/Build/CMakeFiles/CMakeTmp'
Building C object CMakeFiles/cmTC_24993.dir/CheckFunctionExists.c.o
/usr/bin/cc   -DCHECK_FUNCTION_EXISTS=cheev_ -o CMakeFiles/cmTC_24993.dir/CheckFunctionExists.c.o -c /usr/share/cmake-3.22/Modules/CheckFunctionExists.c
Linking C executable cmTC_24993
/usr/bin/cmake -E cmake_link_script CMakeFiles/cmTC_24993.dir/link.txt --verbose=1
/usr/bin/cc  -DCHECK_FUNCTION_EXISTS=cheev_ CMakeFiles/cmTC_24993.dir/CheckFunctionExists.c.o -o cmTC_24993  /usr/lib/x86_64-linux-gnu/libblas.so /usr/lib/x86_64-linux-gnu/libf77blas.so /usr/lib/x86_64-linux-gnu/libatlas.so -lm -ldl 
/usr/bin/ld: CMakeFiles/cmTC_24993.dir/CheckFunctionExists.c.o: in function `main':
CheckFunctionExists.c:(.text+0x14): undefined reference to `cheev_'
collect2: error: ld returned 1 exit status
gmake[1]: *** [CMakeFiles/cmTC_24993.dir/build.make:102: cmTC_24993] Error 1
gmake[1]: Leaving directory '/home/rm/rm_vision_2025/Build/CMakeFiles/CMakeTmp'
gmake: *** [Makefile:127: cmTC_24993/fast] Error 2



Determining if the function cheev_ exists failed with the following output:
Change Dir: /home/rm/rm_vision_2025/Build/CMakeFiles/CMakeTmp

Run Build Command(s):/usr/bin/gmake -f Makefile cmTC_f6fac/fast && /usr/bin/gmake  -f CMakeFiles/cmTC_f6fac.dir/build.make CMakeFiles/cmTC_f6fac.dir/build
gmake[1]: Entering directory '/home/rm/rm_vision_2025/Build/CMakeFiles/CMakeTmp'
Building C object CMakeFiles/cmTC_f6fac.dir/CheckFunctionExists.c.o
/usr/bin/cc   -DCHECK_FUNCTION_EXISTS=cheev_ -o CMakeFiles/cmTC_f6fac.dir/CheckFunctionExists.c.o -c /usr/share/cmake-3.22/Modules/CheckFunctionExists.c
Linking C executable cmTC_f6fac
/usr/bin/cmake -E cmake_link_script CMakeFiles/cmTC_f6fac.dir/link.txt --verbose=1
/usr/bin/cc  -DCHECK_FUNCTION_EXISTS=cheev_ CMakeFiles/cmTC_f6fac.dir/CheckFunctionExists.c.o -o cmTC_f6fac  /usr/lib/x86_64-linux-gnu/liblapack.so /usr/lib/x86_64-linux-gnu/libblas.so /usr/lib/x86_64-linux-gnu/libf77blas.so /usr/lib/x86_64-linux-gnu/libatlas.so -fortranlibs 
cc: error: unrecognized command-line option ‘-fortranlibs’
gmake[1]: *** [CMakeFiles/cmTC_f6fac.dir/build.make:103: cmTC_f6fac] Error 1
gmake[1]: Leaving directory '/home/rm/rm_vision_2025/Build/CMakeFiles/CMakeTmp'
gmake: *** [Makefile:127: cmTC_f6fac/fast] Error 2



